0 info it worked if it ends with ok
1 verbose cli [ 'E:\\node.js\\node.exe',
1 verbose cli   'E:\\node.js\\node_modules\\npm\\bin\\npm-cli.js',
1 verbose cli   'run',
1 verbose cli   'dev' ]
2 info using npm@4.1.2
3 info using node@v7.7.3
4 verbose run-script [ 'predev', 'dev', 'postdev' ]
5 info lifecycle demo@1.0.0~predev: demo@1.0.0
6 silly lifecycle demo@1.0.0~predev: no script for predev, continuing
7 info lifecycle demo@1.0.0~dev: demo@1.0.0
8 verbose lifecycle demo@1.0.0~dev: unsafe-perm in lifecycle true
9 verbose lifecycle demo@1.0.0~dev: PATH: E:\node.js\node_modules\npm\bin\node-gyp-bin;E:\Experience\project\Academy\backstage\node_modules\.bin;E:\jsp_practice\apache-maven-3.3.9\bin;C:\Program Files\Java\jdk1.8.0_121\bin;C:\ProgramData\Oracle\Java\javapath;E:\JAVA python\ASTUDY\JDK\bin;C:\Program Files\Microsoft SQL Server\110\Tools\Binn\;c:\Program Files (x86)\Microsoft SQL Server\100\Tools\Binn\;c:\Program Files\Microsoft SQL Server\100\Tools\Binn\;c:\Program Files\Microsoft SQL Server\100\DTS\Binn\;C:\Program Files (x86)\Windows Kits\8.1\Windows Performance Toolkit\;C:\windows\system32;C:\windows;C:\windows\System32\Wbem;E:\GIT\Git\cmd;E:\web\XMAPP\php;C:\ProgramData\ComposerSetup\bin;E:\node.js\;C:\Program Files\MySQL\MySQL Utilities 1.6\;E:\编辑器\Microsoft VS Code\bin;E:\web\environment\vagrant\bin;C:\Windows\System32\WindowsPowerShell\v1.0;D:\Ruby25-x64\bin;C:\Users\jinhai\AppData\Roaming\npm;C:\Users\jinhai\AppData\Local\atom\bin;E:\编辑器\Microsoft VS Code\bin;%DASHLANE_DLL_DIR%
10 verbose lifecycle demo@1.0.0~dev: CWD: E:\Experience\project\Academy\backstage
11 silly lifecycle demo@1.0.0~dev: Args: [ '/d /s /c',
11 silly lifecycle   'webpack-dev-server --inline --progress --config build/webpack.dev.conf.js' ]
12 silly lifecycle demo@1.0.0~dev: Returned: code: 3221225786  signal: null
13 info lifecycle demo@1.0.0~dev: Failed to exec dev script
14 verbose stack Error: demo@1.0.0 dev: `webpack-dev-server --inline --progress --config build/webpack.dev.conf.js`
14 verbose stack Exit status 3221225786
14 verbose stack     at EventEmitter.<anonymous> (E:\node.js\node_modules\npm\lib\utils\lifecycle.js:279:16)
14 verbose stack     at emitTwo (events.js:106:13)
14 verbose stack     at EventEmitter.emit (events.js:194:7)
14 verbose stack     at ChildProcess.<anonymous> (E:\node.js\node_modules\npm\lib\utils\spawn.js:40:14)
14 verbose stack     at emitTwo (events.js:106:13)
14 verbose stack     at ChildProcess.emit (events.js:194:7)
14 verbose stack     at maybeClose (internal/child_process.js:899:16)
14 verbose stack     at Process.ChildProcess._handle.onexit (internal/child_process.js:226:5)
15 verbose pkgid demo@1.0.0
16 verbose cwd E:\Experience\project\Academy\backstage
17 error Windows_NT 6.3.9600
18 error argv "E:\\node.js\\node.exe" "E:\\node.js\\node_modules\\npm\\bin\\npm-cli.js" "run" "dev"
19 error node v7.7.3
20 error npm  v4.1.2
21 error code ELIFECYCLE
22 error demo@1.0.0 dev: `webpack-dev-server --inline --progress --config build/webpack.dev.conf.js`
22 error Exit status 3221225786
23 error Failed at the demo@1.0.0 dev script 'webpack-dev-server --inline --progress --config build/webpack.dev.conf.js'.
23 error Make sure you have the latest version of node.js and npm installed.
23 error If you do, this is most likely a problem with the demo package,
23 error not with npm itself.
23 error Tell the author that this fails on your system:
23 error     webpack-dev-server --inline --progress --config build/webpack.dev.conf.js
23 error You can get information on how to open an issue for this project with:
23 error     npm bugs demo
23 error Or if that isn't available, you can get their info via:
23 error     npm owner ls demo
23 error There is likely additional logging output above.
24 verbose exit [ 1, true ]
